<?xml version="1.0" encoding="UTF-8"?>
<!-- Generated by org.testng.reporters.JUnitReportReporter -->
<testsuite hostname="DESKTOP-1CU3V42" failures="0" tests="3" name="appiumTests.Testappium" time="12.085" errors="0" timestamp="2024-01-02T18:56:44 EET" skipped="2">
  <testcase classname="appiumTests.Testappium" name="ClickOnEvenNumber" time="12.085"/>
  <system-out/>
  <testcase classname="appiumTests.Testappium" name="ClickAllButtons">
    <skipped/>
  </testcase> <!-- ClickAllButtons -->
  <system-out/>
  <testcase classname="appiumTests.Testappium" name="Mult">
    <skipped/>
  </testcase> <!-- Mult -->
  <system-out/>
</testsuite> <!-- appiumTests.Testappium -->
